\BOOKMARK [0][-]{chapter*.1}{\376\377\000F\000o\000r\000e\000w\000o\000r\000d\000\040\000\050\0001\000s\000t\000\040\000E\000d\000i\000t\000i\000o\000n\000\051}{}% 1
\BOOKMARK [0][-]{chapter*.1}{\376\377\000F\000o\000r\000e\000w\000o\000r\000d\000\040\000\050\0001\000s\000t\000\040\000E\000d\000i\000t\000i\000o\000n\000\051}{}% 2
\BOOKMARK [0][-]{chapter*.2}{\376\377\000P\000r\000e\000f\000a\000c\000e}{}% 3
\BOOKMARK [0][-]{chapter*.2}{\376\377\000P\000r\000e\000f\000a\000c\000e}{}% 4
\BOOKMARK [1][-]{section*.3}{\376\377\000W\000h\000o\000\040\000t\000h\000i\000s\000\040\000b\000o\000o\000k\000\040\000i\000s\000\040\000f\000o\000r}{chapter*.2}% 5
\BOOKMARK [1][-]{section*.4}{\376\377\000H\000o\000w\000\040\000t\000o\000\040\000r\000e\000a\000d\000\040\000t\000h\000i\000s\000\040\000b\000o\000o\000k}{chapter*.2}% 6
\BOOKMARK [1][-]{section*.5}{\376\377\000W\000h\000y\000\040\000R\000?}{chapter*.2}% 7
\BOOKMARK [1][-]{section*.6}{\376\377\000R\000e\000a\000l\000-\000w\000o\000r\000l\000d\000\040\000i\000m\000p\000a\000c\000t}{chapter*.2}% 8
\BOOKMARK [1][-]{section*.7}{\376\377\000A\000c\000k\000n\000o\000w\000l\000e\000d\000g\000e\000m\000e\000n\000t\000s}{chapter*.2}% 9
\BOOKMARK [0][-]{chapter.1}{\376\377\000I\000n\000t\000r\000o\000d\000u\000c\000t\000i\000o\000n}{}% 10
\BOOKMARK [1][-]{section.1.1}{\376\377\000W\000h\000a\000t\000\040\000i\000s\000\040\000g\000e\000o\000c\000o\000m\000p\000u\000t\000a\000t\000i\000o\000n\000?}{chapter.1}% 11
\BOOKMARK [1][-]{section.1.2}{\376\377\000W\000h\000y\000\040\000u\000s\000e\000\040\000R\000\040\000f\000o\000r\000\040\000g\000e\000o\000c\000o\000m\000p\000u\000t\000a\000t\000i\000o\000n\000?}{chapter.1}% 12
\BOOKMARK [1][-]{section.1.3}{\376\377\000S\000o\000f\000t\000w\000a\000r\000e\000\040\000f\000o\000r\000\040\000g\000e\000o\000c\000o\000m\000p\000u\000t\000a\000t\000i\000o\000n}{chapter.1}% 13
\BOOKMARK [1][-]{section.1.4}{\376\377\000R\000'\000s\000\040\000s\000p\000a\000t\000i\000a\000l\000\040\000e\000c\000o\000s\000y\000s\000t\000e\000m}{chapter.1}% 14
\BOOKMARK [1][-]{section.1.5}{\376\377\000T\000h\000e\000\040\000h\000i\000s\000t\000o\000r\000y\000\040\000o\000f\000\040\000R\000-\000s\000p\000a\000t\000i\000a\000l}{chapter.1}% 15
\BOOKMARK [1][-]{section.1.6}{\376\377\000E\000x\000e\000r\000c\000i\000s\000e\000s}{chapter.1}% 16
\BOOKMARK [-1][-]{part.1}{\376\377\000I\000\040\000F\000o\000u\000n\000d\000a\000t\000i\000o\000n\000s}{}% 17
\BOOKMARK [0][-]{chapter.2}{\376\377\000G\000e\000o\000g\000r\000a\000p\000h\000i\000c\000\040\000d\000a\000t\000a\000\040\000i\000n\000\040\000R}{part.1}% 18
\BOOKMARK [1][-]{section*.12}{\376\377\000P\000r\000e\000r\000e\000q\000u\000i\000s\000i\000t\000e\000s}{chapter.2}% 19
\BOOKMARK [1][-]{section.2.1}{\376\377\000I\000n\000t\000r\000o\000d\000u\000c\000t\000i\000o\000n}{chapter.2}% 20
\BOOKMARK [1][-]{section.2.2}{\376\377\000V\000e\000c\000t\000o\000r\000\040\000d\000a\000t\000a}{chapter.2}% 21
\BOOKMARK [1][-]{section.2.3}{\376\377\000R\000a\000s\000t\000e\000r\000\040\000d\000a\000t\000a}{chapter.2}% 22
\BOOKMARK [1][-]{section.2.4}{\376\377\000G\000e\000o\000g\000r\000a\000p\000h\000i\000c\000\040\000a\000n\000d\000\040\000p\000r\000o\000j\000e\000c\000t\000e\000d\000\040\000C\000o\000o\000r\000d\000i\000n\000a\000t\000e\000\040\000R\000e\000f\000e\000r\000e\000n\000c\000e\000\040\000S\000y\000s\000t\000e\000m\000s}{chapter.2}% 23
\BOOKMARK [1][-]{section.2.5}{\376\377\000U\000n\000i\000t\000s}{chapter.2}% 24
\BOOKMARK [1][-]{section.2.6}{\376\377\000E\000x\000e\000r\000c\000i\000s\000e\000s}{chapter.2}% 25
\BOOKMARK [0][-]{chapter.3}{\376\377\000A\000t\000t\000r\000i\000b\000u\000t\000e\000\040\000d\000a\000t\000a\000\040\000o\000p\000e\000r\000a\000t\000i\000o\000n\000s}{part.1}% 26
\BOOKMARK [1][-]{section*.29}{\376\377\000P\000r\000e\000r\000e\000q\000u\000i\000s\000i\000t\000e\000s}{chapter.3}% 27
\BOOKMARK [1][-]{section.3.1}{\376\377\000I\000n\000t\000r\000o\000d\000u\000c\000t\000i\000o\000n}{chapter.3}% 28
\BOOKMARK [1][-]{section.3.2}{\376\377\000V\000e\000c\000t\000o\000r\000\040\000a\000t\000t\000r\000i\000b\000u\000t\000e\000\040\000m\000a\000n\000i\000p\000u\000l\000a\000t\000i\000o\000n}{chapter.3}% 29
\BOOKMARK [1][-]{section.3.3}{\376\377\000M\000a\000n\000i\000p\000u\000l\000a\000t\000i\000n\000g\000\040\000r\000a\000s\000t\000e\000r\000\040\000o\000b\000j\000e\000c\000t\000s}{chapter.3}% 30
\BOOKMARK [1][-]{section.3.4}{\376\377\000E\000x\000e\000r\000c\000i\000s\000e\000s}{chapter.3}% 31
\BOOKMARK [0][-]{chapter.4}{\376\377\000S\000p\000a\000t\000i\000a\000l\000\040\000d\000a\000t\000a\000\040\000o\000p\000e\000r\000a\000t\000i\000o\000n\000s}{part.1}% 32
\BOOKMARK [1][-]{section*.34}{\376\377\000P\000r\000e\000r\000e\000q\000u\000i\000s\000i\000t\000e\000s}{chapter.4}% 33
\BOOKMARK [1][-]{section.4.1}{\376\377\000I\000n\000t\000r\000o\000d\000u\000c\000t\000i\000o\000n}{chapter.4}% 34
\BOOKMARK [1][-]{section.4.2}{\376\377\000S\000p\000a\000t\000i\000a\000l\000\040\000o\000p\000e\000r\000a\000t\000i\000o\000n\000s\000\040\000o\000n\000\040\000v\000e\000c\000t\000o\000r\000\040\000d\000a\000t\000a}{chapter.4}% 35
\BOOKMARK [1][-]{section.4.3}{\376\377\000S\000p\000a\000t\000i\000a\000l\000\040\000o\000p\000e\000r\000a\000t\000i\000o\000n\000s\000\040\000o\000n\000\040\000r\000a\000s\000t\000e\000r\000\040\000d\000a\000t\000a}{chapter.4}% 36
\BOOKMARK [1][-]{section.4.4}{\376\377\000E\000x\000e\000r\000c\000i\000s\000e\000s}{chapter.4}% 37
\BOOKMARK [0][-]{chapter.5}{\376\377\000G\000e\000o\000m\000e\000t\000r\000y\000\040\000o\000p\000e\000r\000a\000t\000i\000o\000n\000s}{part.1}% 38
\BOOKMARK [1][-]{section*.49}{\376\377\000P\000r\000e\000r\000e\000q\000u\000i\000s\000i\000t\000e\000s}{chapter.5}% 39
\BOOKMARK [1][-]{section.5.1}{\376\377\000I\000n\000t\000r\000o\000d\000u\000c\000t\000i\000o\000n}{chapter.5}% 40
\BOOKMARK [1][-]{section.5.2}{\376\377\000G\000e\000o\000m\000e\000t\000r\000i\000c\000\040\000o\000p\000e\000r\000a\000t\000i\000o\000n\000s\000\040\000o\000n\000\040\000v\000e\000c\000t\000o\000r\000\040\000d\000a\000t\000a}{chapter.5}% 41
\BOOKMARK [1][-]{section.5.3}{\376\377\000G\000e\000o\000m\000e\000t\000r\000i\000c\000\040\000o\000p\000e\000r\000a\000t\000i\000o\000n\000s\000\040\000o\000n\000\040\000r\000a\000s\000t\000e\000r\000\040\000d\000a\000t\000a}{chapter.5}% 42
\BOOKMARK [1][-]{section.5.4}{\376\377\000E\000x\000e\000r\000c\000i\000s\000e\000s}{chapter.5}% 43
\BOOKMARK [0][-]{chapter.6}{\376\377\000R\000a\000s\000t\000e\000r\000-\000v\000e\000c\000t\000o\000r\000\040\000i\000n\000t\000e\000r\000a\000c\000t\000i\000o\000n\000s}{part.1}% 44
\BOOKMARK [1][-]{section.6.1}{\376\377\000I\000n\000t\000r\000o\000d\000u\000c\000t\000i\000o\000n}{chapter.6}% 45
\BOOKMARK [1][-]{section.6.2}{\376\377\000R\000a\000s\000t\000e\000r\000\040\000c\000r\000o\000p\000p\000i\000n\000g}{chapter.6}% 46
\BOOKMARK [1][-]{section.6.3}{\376\377\000R\000a\000s\000t\000e\000r\000\040\000e\000x\000t\000r\000a\000c\000t\000i\000o\000n}{chapter.6}% 47
\BOOKMARK [1][-]{section.6.4}{\376\377\000R\000a\000s\000t\000e\000r\000i\000z\000a\000t\000i\000o\000n}{chapter.6}% 48
\BOOKMARK [1][-]{section.6.5}{\376\377\000S\000p\000a\000t\000i\000a\000l\000\040\000v\000e\000c\000t\000o\000r\000i\000z\000a\000t\000i\000o\000n}{chapter.6}% 49
\BOOKMARK [1][-]{section.6.6}{\376\377\000E\000x\000e\000r\000c\000i\000s\000e\000s}{chapter.6}% 50
\BOOKMARK [0][-]{chapter.7}{\376\377\000R\000e\000p\000r\000o\000j\000e\000c\000t\000i\000n\000g\000\040\000g\000e\000o\000g\000r\000a\000p\000h\000i\000c\000\040\000d\000a\000t\000a}{part.1}% 51
\BOOKMARK [1][-]{section*.77}{\376\377\000P\000r\000e\000r\000e\000q\000u\000i\000s\000i\000t\000e\000s}{chapter.7}% 52
\BOOKMARK [1][-]{section.7.1}{\376\377\000I\000n\000t\000r\000o\000d\000u\000c\000t\000i\000o\000n}{chapter.7}% 53
\BOOKMARK [1][-]{section.7.2}{\376\377\000C\000o\000o\000r\000d\000i\000n\000a\000t\000e\000\040\000R\000e\000f\000e\000r\000e\000n\000c\000e\000\040\000S\000y\000s\000t\000e\000m\000s}{chapter.7}% 54
\BOOKMARK [1][-]{section.7.3}{\376\377\000Q\000u\000e\000r\000y\000i\000n\000g\000\040\000a\000n\000d\000\040\000s\000e\000t\000t\000i\000n\000g\000\040\000c\000o\000o\000r\000d\000i\000n\000a\000t\000e\000\040\000s\000y\000s\000t\000e\000m\000s}{chapter.7}% 55
\BOOKMARK [1][-]{section.7.4}{\376\377\000G\000e\000o\000m\000e\000t\000r\000y\000\040\000o\000p\000e\000r\000a\000t\000i\000o\000n\000s\000\040\000o\000n\000\040\000p\000r\000o\000j\000e\000c\000t\000e\000d\000\040\000a\000n\000d\000\040\000u\000n\000p\000r\000o\000j\000e\000c\000t\000e\000d\000\040\000d\000a\000t\000a}{chapter.7}% 56
\BOOKMARK [1][-]{section.7.5}{\376\377\000W\000h\000e\000n\000\040\000t\000o\000\040\000r\000e\000p\000r\000o\000j\000e\000c\000t\000?}{chapter.7}% 57
\BOOKMARK [1][-]{section.7.6}{\376\377\000W\000h\000i\000c\000h\000\040\000C\000R\000S\000\040\000t\000o\000\040\000u\000s\000e\000?}{chapter.7}% 58
\BOOKMARK [1][-]{section.7.7}{\376\377\000R\000e\000p\000r\000o\000j\000e\000c\000t\000i\000n\000g\000\040\000v\000e\000c\000t\000o\000r\000\040\000g\000e\000o\000m\000e\000t\000r\000i\000e\000s}{chapter.7}% 59
\BOOKMARK [1][-]{section.7.8}{\376\377\000R\000e\000p\000r\000o\000j\000e\000c\000t\000i\000n\000g\000\040\000r\000a\000s\000t\000e\000r\000\040\000g\000e\000o\000m\000e\000t\000r\000i\000e\000s}{chapter.7}% 60
\BOOKMARK [1][-]{section.7.9}{\376\377\000C\000u\000s\000t\000o\000m\000\040\000m\000a\000p\000\040\000p\000r\000o\000j\000e\000c\000t\000i\000o\000n\000s}{chapter.7}% 61
\BOOKMARK [1][-]{section.7.10}{\376\377\000E\000x\000e\000r\000c\000i\000s\000e\000s}{chapter.7}% 62
\BOOKMARK [0][-]{chapter.8}{\376\377\000G\000e\000o\000g\000r\000a\000p\000h\000i\000c\000\040\000d\000a\000t\000a\000\040\000I\000/\000O}{part.1}% 63
\BOOKMARK [1][-]{section*.84}{\376\377\000P\000r\000e\000r\000e\000q\000u\000i\000s\000i\000t\000e\000s}{chapter.8}% 64
\BOOKMARK [1][-]{section.8.1}{\376\377\000I\000n\000t\000r\000o\000d\000u\000c\000t\000i\000o\000n}{chapter.8}% 65
\BOOKMARK [1][-]{section.8.2}{\376\377\000R\000e\000t\000r\000i\000e\000v\000i\000n\000g\000\040\000o\000p\000e\000n\000\040\000d\000a\000t\000a}{chapter.8}% 66
\BOOKMARK [1][-]{section.8.3}{\376\377\000G\000e\000o\000g\000r\000a\000p\000h\000i\000c\000\040\000d\000a\000t\000a\000\040\000p\000a\000c\000k\000a\000g\000e\000s}{chapter.8}% 67
\BOOKMARK [1][-]{section.8.4}{\376\377\000G\000e\000o\000g\000r\000a\000p\000h\000i\000c\000\040\000w\000e\000b\000\040\000s\000e\000r\000v\000i\000c\000e\000s}{chapter.8}% 68
\BOOKMARK [1][-]{section.8.5}{\376\377\000F\000i\000l\000e\000\040\000f\000o\000r\000m\000a\000t\000s}{chapter.8}% 69
\BOOKMARK [1][-]{section.8.6}{\376\377\000D\000a\000t\000a\000\040\000i\000n\000p\000u\000t\000\040\000\050\000I\000\051}{chapter.8}% 70
\BOOKMARK [1][-]{section.8.7}{\376\377\000D\000a\000t\000a\000\040\000o\000u\000t\000p\000u\000t\000\040\000\050\000O\000\051}{chapter.8}% 71
\BOOKMARK [1][-]{section.8.8}{\376\377\000V\000i\000s\000u\000a\000l\000\040\000o\000u\000t\000p\000u\000t\000s}{chapter.8}% 72
\BOOKMARK [1][-]{section.8.9}{\376\377\000E\000x\000e\000r\000c\000i\000s\000e\000s}{chapter.8}% 73
\BOOKMARK [-1][-]{part.2}{\376\377\000I\000I\000\040\000E\000x\000t\000e\000n\000s\000i\000o\000n\000s}{}% 74
\BOOKMARK [0][-]{chapter.9}{\376\377\000M\000a\000k\000i\000n\000g\000\040\000m\000a\000p\000s\000\040\000w\000i\000t\000h\000\040\000R}{part.2}% 75
\BOOKMARK [1][-]{section*.90}{\376\377\000P\000r\000e\000r\000e\000q\000u\000i\000s\000i\000t\000e\000s}{chapter.9}% 76
\BOOKMARK [1][-]{section.9.1}{\376\377\000I\000n\000t\000r\000o\000d\000u\000c\000t\000i\000o\000n}{chapter.9}% 77
\BOOKMARK [1][-]{section.9.2}{\376\377\000S\000t\000a\000t\000i\000c\000\040\000m\000a\000p\000s}{chapter.9}% 78
\BOOKMARK [1][-]{section.9.3}{\376\377\000A\000n\000i\000m\000a\000t\000e\000d\000\040\000m\000a\000p\000s}{chapter.9}% 79
\BOOKMARK [1][-]{section.9.4}{\376\377\000I\000n\000t\000e\000r\000a\000c\000t\000i\000v\000e\000\040\000m\000a\000p\000s}{chapter.9}% 80
\BOOKMARK [1][-]{section.9.5}{\376\377\000M\000a\000p\000p\000i\000n\000g\000\040\000a\000p\000p\000l\000i\000c\000a\000t\000i\000o\000n\000s}{chapter.9}% 81
\BOOKMARK [1][-]{section.9.6}{\376\377\000O\000t\000h\000e\000r\000\040\000m\000a\000p\000p\000i\000n\000g\000\040\000p\000a\000c\000k\000a\000g\000e\000s}{chapter.9}% 82
\BOOKMARK [1][-]{section.9.7}{\376\377\000E\000x\000e\000r\000c\000i\000s\000e\000s}{chapter.9}% 83
\BOOKMARK [0][-]{chapter.10}{\376\377\000B\000r\000i\000d\000g\000e\000s\000\040\000t\000o\000\040\000G\000I\000S\000\040\000s\000o\000f\000t\000w\000a\000r\000e}{part.2}% 84
\BOOKMARK [1][-]{section*.122}{\376\377\000P\000r\000e\000r\000e\000q\000u\000i\000s\000i\000t\000e\000s}{chapter.10}% 85
\BOOKMARK [1][-]{section.10.1}{\376\377\000I\000n\000t\000r\000o\000d\000u\000c\000t\000i\000o\000n}{chapter.10}% 86
\BOOKMARK [1][-]{section.10.2}{\376\377\000Q\000G\000I\000S\000\040\000t\000h\000r\000o\000u\000g\000h\000\040\000q\000g\000i\000s\000p\000r\000o\000c\000e\000s\000s}{chapter.10}% 87
\BOOKMARK [1][-]{section.10.3}{\376\377\000O\000t\000h\000e\000r\000\040\000G\000I\000S\000\040\000b\000r\000i\000d\000g\000e\000s}{chapter.10}% 88
\BOOKMARK [1][-]{section.10.4}{\376\377\000W\000h\000e\000n\000\040\000t\000o\000\040\000u\000s\000e\000\040\000w\000h\000a\000t\000?}{chapter.10}% 89
\BOOKMARK [1][-]{section.10.5}{\376\377\000O\000t\000h\000e\000r\000\040\000b\000r\000i\000d\000g\000e\000s}{chapter.10}% 90
\BOOKMARK [1][-]{section.10.6}{\376\377\000B\000r\000i\000d\000g\000e\000s\000\040\000t\000o\000\040\000c\000l\000o\000u\000d\000\040\000t\000e\000c\000h\000n\000o\000l\000o\000g\000i\000e\000s\000\040\000a\000n\000d\000\040\000s\000e\000r\000v\000i\000c\000e\000s}{chapter.10}% 91
\BOOKMARK [1][-]{section.10.7}{\376\377\000E\000x\000e\000r\000c\000i\000s\000e\000s}{chapter.10}% 92
\BOOKMARK [0][-]{chapter.11}{\376\377\000S\000c\000r\000i\000p\000t\000s\000,\000\040\000a\000l\000g\000o\000r\000i\000t\000h\000m\000s\000\040\000a\000n\000d\000\040\000f\000u\000n\000c\000t\000i\000o\000n\000s}{part.2}% 93
\BOOKMARK [1][-]{section*.128}{\376\377\000P\000r\000e\000r\000e\000q\000u\000i\000s\000i\000t\000e\000s}{chapter.11}% 94
\BOOKMARK [1][-]{section.11.1}{\376\377\000I\000n\000t\000r\000o\000d\000u\000c\000t\000i\000o\000n}{chapter.11}% 95
\BOOKMARK [1][-]{section.11.2}{\376\377\000S\000c\000r\000i\000p\000t\000s}{chapter.11}% 96
\BOOKMARK [1][-]{section.11.3}{\376\377\000G\000e\000o\000m\000e\000t\000r\000i\000c\000\040\000a\000l\000g\000o\000r\000i\000t\000h\000m\000s}{chapter.11}% 97
\BOOKMARK [1][-]{section.11.4}{\376\377\000F\000u\000n\000c\000t\000i\000o\000n\000s}{chapter.11}% 98
\BOOKMARK [1][-]{section.11.5}{\376\377\000P\000r\000o\000g\000r\000a\000m\000m\000i\000n\000g}{chapter.11}% 99
\BOOKMARK [1][-]{section.11.6}{\376\377\000E\000x\000e\000r\000c\000i\000s\000e\000s}{chapter.11}% 100
\BOOKMARK [0][-]{chapter.12}{\376\377\000S\000t\000a\000t\000i\000s\000t\000i\000c\000a\000l\000\040\000l\000e\000a\000r\000n\000i\000n\000g}{part.2}% 101
\BOOKMARK [1][-]{section*.132}{\376\377\000P\000r\000e\000r\000e\000q\000u\000i\000s\000i\000t\000e\000s}{chapter.12}% 102
\BOOKMARK [1][-]{section.12.1}{\376\377\000I\000n\000t\000r\000o\000d\000u\000c\000t\000i\000o\000n}{chapter.12}% 103
\BOOKMARK [1][-]{section.12.2}{\376\377\000C\000a\000s\000e\000\040\000s\000t\000u\000d\000y\000:\000\040\000L\000a\000n\000d\000s\000l\000i\000d\000e\000\040\000s\000u\000s\000c\000e\000p\000t\000i\000b\000i\000l\000i\000t\000y}{chapter.12}% 104
\BOOKMARK [1][-]{section.12.3}{\376\377\000C\000o\000n\000v\000e\000n\000t\000i\000o\000n\000a\000l\000\040\000m\000o\000d\000e\000l\000i\000n\000g\000\040\000a\000p\000p\000r\000o\000a\000c\000h\000\040\000i\000n\000\040\000R}{chapter.12}% 105
\BOOKMARK [1][-]{section.12.4}{\376\377\000I\000n\000t\000r\000o\000d\000u\000c\000t\000i\000o\000n\000\040\000t\000o\000\040\000\050\000s\000p\000a\000t\000i\000a\000l\000\051\000\040\000c\000r\000o\000s\000s\000-\000v\000a\000l\000i\000d\000a\000t\000i\000o\000n}{chapter.12}% 106
\BOOKMARK [1][-]{section.12.5}{\376\377\000S\000p\000a\000t\000i\000a\000l\000\040\000C\000V\000\040\000w\000i\000t\000h\000\040\000m\000l\000r\0003}{chapter.12}% 107
\BOOKMARK [1][-]{section.12.6}{\376\377\000C\000o\000n\000c\000l\000u\000s\000i\000o\000n\000s}{chapter.12}% 108
\BOOKMARK [1][-]{section.12.7}{\376\377\000E\000x\000e\000r\000c\000i\000s\000e\000s}{chapter.12}% 109
\BOOKMARK [-1][-]{part.3}{\376\377\000I\000I\000I\000\040\000A\000p\000p\000l\000i\000c\000a\000t\000i\000o\000n\000s}{}% 110
\BOOKMARK [0][-]{chapter.13}{\376\377\000T\000r\000a\000n\000s\000p\000o\000r\000t\000a\000t\000i\000o\000n}{part.3}% 111
\BOOKMARK [1][-]{section*.141}{\376\377\000P\000r\000e\000r\000e\000q\000u\000i\000s\000i\000t\000e\000s}{chapter.13}% 112
\BOOKMARK [1][-]{section.13.1}{\376\377\000I\000n\000t\000r\000o\000d\000u\000c\000t\000i\000o\000n}{chapter.13}% 113
\BOOKMARK [1][-]{section.13.2}{\376\377\000A\000\040\000c\000a\000s\000e\000\040\000s\000t\000u\000d\000y\000\040\000o\000f\000\040\000B\000r\000i\000s\000t\000o\000l}{chapter.13}% 114
\BOOKMARK [1][-]{section.13.3}{\376\377\000T\000r\000a\000n\000s\000p\000o\000r\000t\000\040\000z\000o\000n\000e\000s}{chapter.13}% 115
\BOOKMARK [1][-]{section.13.4}{\376\377\000D\000e\000s\000i\000r\000e\000\040\000l\000i\000n\000e\000s}{chapter.13}% 116
\BOOKMARK [1][-]{section.13.5}{\376\377\000R\000o\000u\000t\000e\000s\000\040\000a\000n\000d\000\040\000r\000o\000u\000t\000i\000n\000g\000\040\000e\000n\000g\000i\000n\000e\000s}{chapter.13}% 117
\BOOKMARK [1][-]{section.13.6}{\376\377\000N\000o\000d\000e\000s}{chapter.13}% 118
\BOOKMARK [1][-]{section.13.7}{\376\377\000R\000o\000u\000t\000e\000\040\000n\000e\000t\000w\000o\000r\000k\000s}{chapter.13}% 119
\BOOKMARK [1][-]{section.13.8}{\376\377\000P\000r\000i\000o\000r\000i\000t\000i\000z\000i\000n\000g\000\040\000n\000e\000w\000\040\000i\000n\000f\000r\000a\000s\000t\000r\000u\000c\000t\000u\000r\000e}{chapter.13}% 120
\BOOKMARK [1][-]{section.13.9}{\376\377\000F\000u\000t\000u\000r\000e\000\040\000d\000i\000r\000e\000c\000t\000i\000o\000n\000s\000\040\000o\000f\000\040\000t\000r\000a\000v\000e\000l}{chapter.13}% 121
\BOOKMARK [1][-]{section.13.10}{\376\377\000E\000x\000e\000r\000c\000i\000s\000e\000s}{chapter.13}% 122
\BOOKMARK [0][-]{chapter.14}{\376\377\000G\000e\000o\000m\000a\000r\000k\000e\000t\000i\000n\000g}{part.3}% 123
\BOOKMARK [1][-]{section*.150}{\376\377\000P\000r\000e\000r\000e\000q\000u\000i\000s\000i\000t\000e\000s}{chapter.14}% 124
\BOOKMARK [1][-]{section.14.1}{\376\377\000I\000n\000t\000r\000o\000d\000u\000c\000t\000i\000o\000n}{chapter.14}% 125
\BOOKMARK [1][-]{section.14.2}{\376\377\000C\000a\000s\000e\000\040\000s\000t\000u\000d\000y\000:\000\040\000b\000i\000k\000e\000\040\000s\000h\000o\000p\000s\000\040\000i\000n\000\040\000G\000e\000r\000m\000a\000n\000y}{chapter.14}% 126
\BOOKMARK [1][-]{section.14.3}{\376\377\000T\000i\000d\000y\000\040\000t\000h\000e\000\040\000i\000n\000p\000u\000t\000\040\000d\000a\000t\000a}{chapter.14}% 127
\BOOKMARK [1][-]{section.14.4}{\376\377\000C\000r\000e\000a\000t\000e\000\040\000c\000e\000n\000s\000u\000s\000\040\000r\000a\000s\000t\000e\000r\000s}{chapter.14}% 128
\BOOKMARK [1][-]{section.14.5}{\376\377\000D\000e\000f\000i\000n\000e\000\040\000m\000e\000t\000r\000o\000p\000o\000l\000i\000t\000a\000n\000\040\000a\000r\000e\000a\000s}{chapter.14}% 129
\BOOKMARK [1][-]{section.14.6}{\376\377\000P\000o\000i\000n\000t\000s\000\040\000o\000f\000\040\000i\000n\000t\000e\000r\000e\000s\000t}{chapter.14}% 130
\BOOKMARK [1][-]{section.14.7}{\376\377\000I\000d\000e\000n\000t\000i\000f\000y\000i\000n\000g\000\040\000s\000u\000i\000t\000a\000b\000l\000e\000\040\000l\000o\000c\000a\000t\000i\000o\000n\000s}{chapter.14}% 131
\BOOKMARK [1][-]{section.14.8}{\376\377\000D\000i\000s\000c\000u\000s\000s\000i\000o\000n\000\040\000a\000n\000d\000\040\000n\000e\000x\000t\000\040\000s\000t\000e\000p\000s}{chapter.14}% 132
\BOOKMARK [1][-]{section.14.9}{\376\377\000E\000x\000e\000r\000c\000i\000s\000e\000s}{chapter.14}% 133
\BOOKMARK [0][-]{chapter.15}{\376\377\000E\000c\000o\000l\000o\000g\000y}{part.3}% 134
\BOOKMARK [1][-]{section*.156}{\376\377\000P\000r\000e\000r\000e\000q\000u\000i\000s\000i\000t\000e\000s}{chapter.15}% 135
\BOOKMARK [1][-]{section.15.1}{\376\377\000I\000n\000t\000r\000o\000d\000u\000c\000t\000i\000o\000n}{chapter.15}% 136
\BOOKMARK [1][-]{section.15.2}{\376\377\000D\000a\000t\000a\000\040\000a\000n\000d\000\040\000d\000a\000t\000a\000\040\000p\000r\000e\000p\000a\000r\000a\000t\000i\000o\000n}{chapter.15}% 137
\BOOKMARK [1][-]{section.15.3}{\376\377\000R\000e\000d\000u\000c\000i\000n\000g\000\040\000d\000i\000m\000e\000n\000s\000i\000o\000n\000a\000l\000i\000t\000y}{chapter.15}% 138
\BOOKMARK [1][-]{section.15.4}{\376\377\000M\000o\000d\000e\000l\000i\000n\000g\000\040\000t\000h\000e\000\040\000f\000l\000o\000r\000i\000s\000t\000i\000c\000\040\000g\000r\000a\000d\000i\000e\000n\000t}{chapter.15}% 139
\BOOKMARK [1][-]{section.15.5}{\376\377\000C\000o\000n\000c\000l\000u\000s\000i\000o\000n\000s}{chapter.15}% 140
\BOOKMARK [1][-]{section.15.6}{\376\377\000E\000x\000e\000r\000c\000i\000s\000e\000s}{chapter.15}% 141
\BOOKMARK [0][-]{chapter.16}{\376\377\000C\000o\000n\000c\000l\000u\000s\000i\000o\000n}{part.3}% 142
\BOOKMARK [1][-]{section*.162}{\376\377\000P\000r\000e\000r\000e\000q\000u\000i\000s\000i\000t\000e\000s}{chapter.16}% 143
\BOOKMARK [1][-]{section.16.1}{\376\377\000I\000n\000t\000r\000o\000d\000u\000c\000t\000i\000o\000n}{chapter.16}% 144
\BOOKMARK [1][-]{section.16.2}{\376\377\000P\000a\000c\000k\000a\000g\000e\000\040\000c\000h\000o\000i\000c\000e}{chapter.16}% 145
\BOOKMARK [1][-]{section.16.3}{\376\377\000G\000a\000p\000s\000\040\000a\000n\000d\000\040\000o\000v\000e\000r\000l\000a\000p\000s}{chapter.16}% 146
\BOOKMARK [1][-]{section.16.4}{\376\377\000G\000e\000t\000t\000i\000n\000g\000\040\000h\000e\000l\000p\000?}{chapter.16}% 147
\BOOKMARK [1][-]{section.16.5}{\376\377\000W\000h\000e\000r\000e\000\040\000t\000o\000\040\000g\000o\000\040\000n\000e\000x\000t\000?}{chapter.16}% 148
\BOOKMARK [1][-]{section.16.6}{\376\377\000T\000h\000e\000\040\000o\000p\000e\000n\000\040\000s\000o\000u\000r\000c\000e\000\040\000a\000p\000p\000r\000o\000a\000c\000h}{chapter.16}% 149
\BOOKMARK [0][-]{chapter*.163}{\376\377\314\070\254\340\000\040\273\070\325\314}{part.3}% 150
\BOOKMARK [0][-]{chapter*.163}{\376\377\314\076\305\104\274\364\256\060}{part.3}% 151
\BOOKMARK [1][-]{section*.164}{}{chapter*.163}% 152
